<?xml version="1.0" encoding="UTF-8"?>
<robot generator="Robot 5.0.1 (Python 3.10.7 on darwin)" generated="20221020 17:51:48.784" rpa="false" schemaversion="3">
<suite id="s1" name="Fan-Api-Tests-1" source="/Users/sauravkumar/Documents/Saurav/ESPN-fan-API-validation/testsuites/fan-api-tests-1.robot">
<test id="s1-t1" name="Get ESPN Fan Response" line="18">
<kw name="A GET request to ${Base_url} should respond with 200" library="ESPNFanAPIResource" sourcename="A GET request to ${endpoint} should respond with ${status}">
<var>${response}</var>
<kw name="GET" library="RequestsLibrary">
<var>${api_response}</var>
<arg>url=${endpoint}</arg>
<arg>expected_status=${status}</arg>
<doc>Sends a GET request.</doc>
<msg timestamp="20221020 17:51:50.012" level="INFO">GET Request : url=https://fan.api.espn.com/apis/v2/fans/%7B6E458CFC-7B0E-4811-8B3D-504CF5F7D4C0%7D?displayHiddenPrefs=true&amp;context=fantasy&amp;useCookieAuth=true&amp;source=fantasyapp-ios&amp;featureFlags=challengeEntries 
 path_url=/apis/v2/fans/%7B6E458CFC-7B0E-4811-8B3D-504CF5F7D4C0%7D?displayHiddenPrefs=true&amp;context=fantasy&amp;useCookieAuth=true&amp;source=fantasyapp-ios&amp;featureFlags=challengeEntries 
 headers={'User-Agent': 'python-requests/2.27.1', 'Accept-Encoding': 'gzip, deflate, br', 'Accept': '*/*', 'Connection': 'keep-alive'} 
 body=None 
 </msg>
<msg timestamp="20221020 17:51:50.015" level="INFO">GET Response : url=https://fan.api.espn.com/apis/v2/fans/%7B6E458CFC-7B0E-4811-8B3D-504CF5F7D4C0%7D?displayHiddenPrefs=true&amp;context=fantasy&amp;useCookieAuth=true&amp;source=fantasyapp-ios&amp;featureFlags=challengeEntries 
 status=200, reason= 
 headers={'Date': 'Thu, 20 Oct 2022 12:21:49 GMT', 'Content-Type': 'application/json;charset=UTF-8', 'Transfer-Encoding': 'chunked', 'Connection': 'keep-alive', 'Content-Encoding': 'gzip', 'Vary': 'Origin, Access-Control-Request-Method, Access-Control-Request-Headers', 'Access-Control-Allow-Origin': '*', 'Access-Control-Allow-Methods': 'GET,PUT,POST,DELETE,OPTIONS,HEAD', 'Access-Control-Expose-Headers': 'content-length,location', 'Cache-Control': 'max-age=1'} 
 body={"id":"{6E458CFC-7B0E-4811-8B3D-504CF5F7D4C0}","anon":false,"profile":{"id":"{6E458CFC-7B0E-4811-8B3D-504CF5F7D4C0}","createDate":1573806202010,"lastUpdateDate":1664482524815,"lastUpdateSource":"fantasyapp-ios","isInsider":false,"isPremium":false,"hasNotificationPreferences":false,"useSortGlobal":true},"lastAccessDate":"2022-10-14T15:46:38Z","createDate":"2019-10-10T23:07:11Z","lastUpdateDate":"2022-10-20T12:20:00Z","createSource":"Fantasy_Client_V2-LM-NextGen","lastUpdateSource":"Fantasy_Client_V2-LM-NextGen","lastAccessSource":null,"preferences":[{"id":"1:1937261044:1:2022","createDate":1648566205722,"lastUpdateDate":1666252708238,"createSource":"Fantasy_Client_V2-LM-NextGen","lastUpdateSource":"Fantasy_Client_V2-LM-NextGen","metaData":{"entry":{"createDate":1666252708226,"entryId":1,"entryLocation":"Non-PPR","entryMetadata":{"teamAbbrev":"AARO","leagueFormatTypeId":1,"pointsDelta":0.0,"leagueSubTypeId":0,"streakLength":1,"customizable":true,"active":true,"nextGen":true,"draftComplete":true,"scoringTypeId":1,"streakType":2,"leagueTypeId":0,"draftInProgress":false},"entryNickname":"Aaron","gameId":1,"groups":[{"groupId":1937261044,"wins":2,"losses":4,"ties":0,"groupSize":13,"groupName":"Non-PPR","groupManager":true,"draftDate":1,"draftType":2,"draftStatus":2,"leagueStatus":3,"createDate":1666252708226,"lastUpdate":1666252708226,"points":646.66,"rank":-2147483648,"fantasyCastHref":"https://fantasy.espn.com/football/fantasycast?leagueId=1937261044&amp;teamId=1","href":"https://fantasy.espn.com/football/league?leagueId=1937261044&amp;seasonId=2022"}],"lastUpdate":1666252708226,"logoType":"VECTOR","logoUrl":"https://g.espncdn.com/lm-static/logo-packs/ffl/HelmetAlphabet-ESPN/Helmet-A.svg","losses":4,"points":0.0,"rank":9,"restrictionType":0,"seasonId":2022,"ties":0,"wins":2,"entryURL":"https://fantasy.espn.com/football/team?leagueId=1937261044&amp;teamId=1&amp;seasonId=2022","scoreboardFeedURL":"https://fantasy.espn.com/apis/v3/games/ffl/seasons/2022/segments/0/leagues/1937261044?view=mScoreboard&amp;filter=%7B%22schedule%22%3A%7B%22filterTeamIds%22%3A%7B%22value%22%3A%5B1%5D%7D%2C%22filterCurrentMatchupPeriod%22%3A%7B%22value%22%3Atrue%7D%7D%7D&amp;peek=true","abbrev":"FFL","name":"Fantasy Football 2022","description":"Fantasy Football","logoURL":"https://g.espncdn.com/s/ffllm/14/images/shell/bgHead_leaguemanager.png","signupURL":"https://fantasy.espn.com/football/welcome","href":"https://www.espn.com/fantasy/football/"},"inSeason":true,"isLive":false},"sortGlobal":2,"isHidden":false,"typeId":9,"affinity":0,"type":{"id":9,"name":"Fantasy League Manager","code":"fantasy","isDeletable":false,"isDelegated":false,"maxAllowed":500}},{"id":"1:1491460502:1:2022","createDate":1648565602243,"lastUpdateDate":1666252688226,"createSource":"Fantasy_Client_V2-LM-NextGen","lastUpdateSource":"Fantasy_Client_V2-LM-NextGen","metaData":{"entry":{"createDate":1666252688216,"entryId":1,"entryLocation":"PPR","entryMetadata":{"teamAbbrev":"AARO","leagueFormatTypeId":3,"pointsDelta":0.0,"leagueSubTypeId":0,"streakLength":1,"customizable":true,"active":true,"nextGen":true,"draftComplete":true,"scoringTypeId":1,"streakType":1,"leagueTypeId":0,"draftInProgress":false},"entryNickname":"Aaron","gameId":1,"groups":[{"groupId":1491460502,"wins":3,"losses":3,"ties":0,"groupSize":13,"groupName":"PPR","groupManager":true,"draftDate":1,"draftType":1,"draftStatus":2,"leagueStatus":3,"createDate":1666252688216,"lastUpdate":1666252688216,"points":509.4,"rank":-2147483648,"fantasyCastHref":"https://fantasy.espn.com/football/fantasycast?leagueId=1491460502&amp;teamId=1","href":"https://fantasy.espn.com/football/league?leagueId=1491460502&amp;seasonId=2022"}],"lastUpdate":1666252688216,"logoType":"VECTOR","logoUrl":"https://g.espncdn.com/lm-static/logo-packs/ffl/HelmetAlphabet-ESPN/Helmet-A.svg","losses":3,"points":0.0,"rank":8,"restrictionType":0,"seasonId":2022,"ties":0,"wins":3,"entryURL":"https://fantasy.espn.com/football/team?leagueId=1491460502&amp;teamId=1&amp;seasonId=2022","scoreboardFeedURL":"https://fantasy.espn.com/apis/v3/games/ffl/seasons/2022/segments/0/leagues/1491460502?view=mScoreboard&amp;filter=%7B%22schedule%22%3A%7B%22filterTeamIds%22%3A%7B%22value%22%3A%5B1%5D%7D%2C%22filterCurrentMatchupPeriod%22%3A%7B%22value%22%3Atrue%7D%7D%7D&amp;peek=true","abbrev":"FFL","name":"Fantasy Football 2022","description":"Fantasy Football","logoURL":"https://g.espncdn.com/s/ffllm/14/images/shell/bgHead_leaguemanager.png","signupURL":"https://fantasy.espn.com/football/welcome","href":"https://www.espn.com/fantasy/football/"},"inSeason":true,"isLive":false},"sortGlobal":3,"isHidden":false,"typeId":9,"affinity":0,"type":{"id":9,"name":"Fantasy League Manager","code":"fantasy","isDeletable":false,"isDelegated":false,"maxAllowed":500}},{"id":"1:2023060295:1:2022","createDate":1662138097925,"lastUpdateDate":1666254583588,"createSource":"Fantasy_Client_V2-LM-NextGen","lastUpdateSource":"Fantasy_Client_V2-LM-NextGen","metaData":{"entry":{"createDate":1666254583574,"entryId":1,"entryLocation":"Team","entryMetadata":{"teamAbbrev":"SPIL","leagueFormatTypeId":3,"pointsDelta":0.0,"leagueSubTypeId":0,"streakLength":1,"customizable":true,"active":true,"nextGen":true,"draftComplete":true,"scoringTypeId":1,"streakType":1,"leagueTypeId":0,"draftInProgress":false},"entryNickname":"Spillman","gameId":1,"groups":[{"groupId":2023060295,"wins":1,"losses":0,"ties":0,"groupSize":4,"groupName":"drafted after season start","groupManager":true,"draftDate":1,"draftType":2,"draftStatus":2,"leagueStatus":3,"createDate":1666254583574,"lastUpdate":1666254583574,"points":117.62,"rank":-2147483648,"fantasyCastHref":"https://fantasy.espn.com/football/fantasycast?leagueId=2023060295&amp;teamId=1","href":"https://fantasy.espn.com/football/league?leagueId=2023060295&amp;seasonId=2022"}],"lastUpdate":1666254583574,"logoType":"CUSTOM_VALID","logoUrl":"https://placekitten.com/500/500","losses":0,"points":0.0,"rank":2,"restrictionType":0,"seasonId":2022,"ties":0,"wins":1,"entryURL":"https://fantasy.espn.com/football/team?leagueId=2023060295&amp;teamId=1&amp;seasonId=2022","scoreboardFeedURL":"https://fantasy.espn.com/apis/v3/games/ffl/seasons/2022/segments/0/leagues/2023060295?view=mScoreboard&amp;filter=%7B%22schedule%22%3A%7B%22filterTeamIds%22%3A%7B%22value%22%3A%5B1%5D%7D%2C%22filterCurrentMatchupPeriod%22%3A%7B%22value%22%3Atrue%7D%7D%7D&amp;peek=true","abbrev":"FFL","name":"Fantasy Football 2022","description":"Fantasy Football","logoURL":"https://g.espncdn.com/s/ffllm/14/images/shell/bgHead_leaguemanager.png","signupURL":"https://fantasy.espn.com/football/welcome","href":"https://www.espn.com/fantasy/football/"},"inSeason":true,"isLive":false},"sortGlobal":4,"isHidden":false,"typeId":9,"affinity":0,"type":{"id":9,"name":"Fantasy League Manager","code":"fantasy","isDeletable":false,"isDelegated":false,"maxAllowed":500}},{"id":"6:581892488:1:2022","createDate":1662652291446,"lastUpdateDate":1666254182687,"createSource":"Fantasy_Client_V2-LM-NextGen","lastUpdateSource":"Fantasy_Client_V2-LM-NextGen","metaData":{"entry":{"createDate":1666254182677,"entryId":6,"entryLocation":"Team","entryMetadata":{"teamAbbrev":"SPIL","leagueFormatTypeId":3,"pointsDelta":0.0,"leagueSubTypeId":0,"streakLength":6,"customizable":true,"active":true,"nextGen":true,"draftComplete":true,"scoringTypeId":1,"streakType":2,"leagueTypeId":0,"draftInProgress":false},"entryNickname":"Spillman","gameId":1,"groups":[{"groupId":581892488,"wins":0,"losses":6,"ties":0,"groupSize":10,"groupName":"Screen Magicians","groupManager":false,"draftDate":1662660000000,"draftType":1,"draftStatus":2,"leagueStatus":3,"createDate":1666254182677,"lastUpdate":1666254182677,"points":735.02,"rank":-2147483648,"fantasyCastHref":"https://fantasy.espn.com/football/fantasycast?leagueId=581892488&amp;teamId=6","href":"https://fantasy.espn.com/football/league?leagueId=581892488&amp;seasonId=2022"}],"lastUpdate":1666254182677,"logoType":"VECTOR","logoUrl":"https://g.espncdn.com/lm-static/ffl/images/default_logos/14.svg","losses":6,"points":0.0,"rank":10,"restrictionType":0,"seasonId":2022,"ties":0,"wins":0,"entryURL":"https://fantasy.espn.com/football/team?leagueId=581892488&amp;teamId=6&amp;seasonId=2022","scoreboardFeedURL":"https://fantasy.espn.com/apis/v3/games/ffl/seasons/2022/segments/0/leagues/581892488?view=mScoreboard&amp;filter=%7B%22schedule%22%3A%7B%22filterTeamIds%22%3A%7B%22value%22%3A%5B6%5D%7D%2C%22filterCurrentMatchupPeriod%22%3A%7B%22value%22%3Atrue%7D%7D%7D&amp;peek=true","abbrev":"FFL","name":"Fantasy Football 2022","description":"Fantasy Football","logoURL":"https://g.espncdn.com/s/ffllm/14/images/shell/bgHead_leaguemanager.png","signupURL":"https://fantasy.espn.com/football/welcome","href":"https://www.espn.com/fantasy/football/"},"inSeason":true,"isLive":false},"sortGlobal":5,"isHidden":false,"typeId":9,"affinity":0,"type":{"id":9,"name":"Fantasy League Manager","code":"fantasy","isDeletable":false,"isDelegated":false,"maxAllowed":500}},{"id":"1:633499693:1:2022","createDate":1648559810953,"lastUpdateDate":1666252285341,"createSource":"Fantasy_Client_V2-LM-NextGen","lastUpdateSource":"Fantasy_Client_V2-LM-NextGen","metaData":{"entry":{"createDate":1666252285331,"entryId":1,"entryLocation":"Chaotic Realm","entryMetadata":{"teamAbbrev":"SPIL","leagueFormatTypeId":3,"pointsDelta":0.0,"leagueSubTypeId":0,"streakLength":1,"customizable":true,"active":true,"nextGen":true,"draftComplete":true,"scoringTypeId":1,"streakType":2,"leagueTypeId":0,"draftInProgress":false},"entryNickname":"Cannot B Beaten","gameId":1,"groups":[{"groupId":633499693,"wins":1,"losses":4,"ties":0,"groupSize":13,"groupName":"Chaos","groupManager":true,"draftDate":1,"draftType":2,"draftStatus":2,"leagueStatus":3,"createDate":1666252285331,"lastUpdate":1666252285331,"points":564.4200000000001,"rank":-2147483648,"fantasyCastHref":"https://fantasy.espn.com/football/fantasycast?leagueId=633499693&amp;teamId=1","href":"https://fantasy.espn.com/football/league?leagueId=633499693&amp;seasonId=2022"}],"lastUpdate":1666252285331,"logoType":"VECTOR","logoUrl":"https://g.... (set the log level to DEBUG or TRACE to see the full content) 
 </msg>
<msg timestamp="20221020 17:51:50.016" level="INFO">${api_response} = &lt;Response [200]&gt;</msg>
<status status="PASS" starttime="20221020 17:51:48.854" endtime="20221020 17:51:50.016"/>
</kw>
<msg timestamp="20221020 17:51:50.017" level="INFO">${response} = &lt;Response [200]&gt;</msg>
<status status="PASS" starttime="20221020 17:51:48.853" endtime="20221020 17:51:50.017"/>
</kw>
<kw name="Fan Schema from ${response} should be valid" library="lib.validators.ESPNFanValidators" sourcename="Fan Schema from ${response} should be valid">
<tag>CoreV3</tag>
<tag>functional</tag>
<tag>schema checks</tag>
<status status="PASS" starttime="20221020 17:51:50.018" endtime="20221020 17:51:50.042"/>
</kw>
<kw name="Validate the correct name of key" library="lib.validators.ESPNFanValidators">
<arg>${response.json()}</arg>
<arg>profile</arg>
<status status="PASS" starttime="20221020 17:51:50.042" endtime="20221020 17:51:50.044"/>
</kw>
<kw name="Validate the correct name of key" library="lib.validators.ESPNFanValidators">
<arg>${response.json()}</arg>
<arg>preferences</arg>
<status status="PASS" starttime="20221020 17:51:50.044" endtime="20221020 17:51:50.045"/>
</kw>
<kw name="Get the count of the key" library="lib.validators.ESPNFanValidators">
<arg>${response.json()}</arg>
<arg>profile</arg>
<msg timestamp="20221020 17:51:50.047" level="INFO">The total value of profile in response is 8</msg>
<status status="PASS" starttime="20221020 17:51:50.046" endtime="20221020 17:51:50.047"/>
</kw>
<kw name="Get the count of the key" library="lib.validators.ESPNFanValidators">
<arg>${response.json()}</arg>
<arg>preferences</arg>
<msg timestamp="20221020 17:51:50.049" level="INFO">The total value of preferences in response is 46</msg>
<status status="PASS" starttime="20221020 17:51:50.048" endtime="20221020 17:51:50.049"/>
</kw>
<kw name="Get the value of the key" library="lib.validators.ESPNFanValidators">
<arg>${response.json()}</arg>
<arg>profile</arg>
<arg>id</arg>
<msg timestamp="20221020 17:51:50.051" level="INFO">The value of response is {6E458CFC-7B0E-4811-8B3D-504CF5F7D4C0}</msg>
<status status="PASS" starttime="20221020 17:51:50.049" endtime="20221020 17:51:50.051"/>
</kw>
<kw name="Get the value of the key" library="lib.validators.ESPNFanValidators">
<arg>${response.json()}</arg>
<arg>profile</arg>
<arg>createDate</arg>
<msg timestamp="20221020 17:51:50.052" level="INFO">The value of response is 1573806202010</msg>
<status status="PASS" starttime="20221020 17:51:50.051" endtime="20221020 17:51:50.052"/>
</kw>
<kw name="Get the value of the key" library="lib.validators.ESPNFanValidators">
<arg>${response.json()}</arg>
<arg>profile</arg>
<arg>isInsider</arg>
<msg timestamp="20221020 17:51:50.054" level="INFO">The value of response is False</msg>
<status status="PASS" starttime="20221020 17:51:50.052" endtime="20221020 17:51:50.054"/>
</kw>
<kw name="Get the value of the base key" library="lib.validators.ESPNFanValidators">
<arg>${response.json()}</arg>
<arg>id</arg>
<msg timestamp="20221020 17:51:50.055" level="INFO">The value of response of base schena is {6E458CFC-7B0E-4811-8B3D-504CF5F7D4C0}</msg>
<status status="PASS" starttime="20221020 17:51:50.054" endtime="20221020 17:51:50.055"/>
</kw>
<kw name="Get the value of the preferences key" library="lib.validators.ESPNFanValidators">
<arg>${response.json()}</arg>
<arg>logoURL</arg>
<msg timestamp="20221020 17:51:50.057" level="INFO">The value of response of preference unique URL is {'https://g.espncdn.com/s/ffllm/14/images/shell/bgHead_leaguemanager.png', 'https://g.espncdn.com/s/fhllm/14/images/shell/bgHead_leaguemanager.png', 'https://g.espncdn.com/s/minigames/i/streak/redesign/SFC10_hdr_logo.png', 'https://g.espncdn.com/s/frontpage09/images/flb09_index.png', 'https://g.espncdn.com/s/fbalm/15/images/shell/bgHead.png'} and its count is 5 </msg>
<status status="PASS" starttime="20221020 17:51:50.056" endtime="20221020 17:51:50.057"/>
</kw>
<kw name="Get the value of the preferences key" library="lib.validators.ESPNFanValidators">
<arg>${response.json()}</arg>
<arg>href</arg>
<msg timestamp="20221020 17:51:50.058" level="INFO">The value of response of preference unique URL is {'http://streak.espn.com/', 'https://www.espn.com/fantasy/football/', 'https://www.espn.com/fantasy/womens-basketball/', 'https://www.espn.com/fantasy/baseball/', 'https://www.espn.com/fantasy/hockey/', 'https://www.espn.com/fantasy/basketball/'} and its count is 6 </msg>
<status status="PASS" starttime="20221020 17:51:50.057" endtime="20221020 17:51:50.058"/>
</kw>
<kw name="Get the value of the preferences key" library="lib.validators.ESPNFanValidators">
<arg>${response.json()}</arg>
<arg>signupURL</arg>
<msg timestamp="20221020 17:51:50.060" level="INFO">The value of response of preference unique URL is {'https://fantasy.espn.com/hockey/welcome', 'https://fantasy.espn.com/basketball/welcome', None, 'https://fantasy.espn.com/football/welcome', 'http://fantasy.espn.com/baseball/welcome', 'https://fantasy.espn.com/womens-basketball/welcome'} and its count is 6 </msg>
<status status="PASS" starttime="20221020 17:51:50.059" endtime="20221020 17:51:50.060"/>
</kw>
<kw name="Get the value of the preferences key" library="lib.validators.ESPNFanValidators">
<arg>${response.json()}</arg>
<arg>entryURL</arg>
<msg timestamp="20221020 17:51:50.062" level="INFO">The value of response of preference unique URL is {'https://fantasy.espn.com/hockey/team?leagueId=581889198&amp;teamId=1&amp;seasonId=2023', 'http://fantasy.espn.com/baseball/team?leagueId=644523742&amp;teamId=3&amp;seasonId=2022', 'https://fantasy.espn.com/football/team?leagueId=1491460502&amp;teamId=1&amp;seasonId=2022', 'https://fantasy.espn.com/hockey/team?leagueId=1716656218&amp;teamId=1&amp;seasonId=2023', 'https://fantasy.espn.com/basketball/team?leagueId=1875132037&amp;teamId=1&amp;seasonId=2023', 'https://fantasy.espn.com/football/team?leagueId=976500307&amp;teamId=1&amp;seasonId=2022', 'https://fantasy.espn.com/hockey/team?leagueId=1641832027&amp;teamId=1&amp;seasonId=2023', 'https://fantasy.espn.com/hockey/team?leagueId=1331137808&amp;teamId=1&amp;seasonId=2023', 'https://fantasy.espn.com/womens-basketball/team?leagueId=1034998964&amp;teamId=1&amp;seasonId=2022', 'http://streak.espn.com/', 'https://fantasy.espn.com/basketball/team?leagueId=2062281636&amp;teamId=1&amp;seasonId=2023', 'http://fantasy.espn.com/baseball/team?leagueId=1089702129&amp;teamId=1&amp;seasonId=2022', 'https://fantasy.espn.com/hockey/team?leagueId=2100913371&amp;teamId=6&amp;seasonId=2023', 'https://fantasy.espn.com/basketball/team?leagueId=1231517249&amp;teamId=1&amp;seasonId=2023', 'https://fantasy.espn.com/football/team?leagueId=92465638&amp;teamId=15&amp;seasonId=2022', 'http://fantasy.espn.com/baseball/team?leagueId=25317527&amp;teamId=1&amp;seasonId=2022', 'https://fantasy.espn.com/hockey/team?leagueId=669145671&amp;teamId=1&amp;seasonId=2023', 'http://fantasy.espn.com/baseball/team?leagueId=640811160&amp;teamId=1&amp;seasonId=2022', 'https://fantasy.espn.com/football/team?leagueId=2023060295&amp;teamId=1&amp;seasonId=2022', 'https://fantasy.espn.com/womens-basketball/team?leagueId=1244090985&amp;teamId=1&amp;seasonId=2022', 'http://fantasy.espn.com/baseball/team?leagueId=601425894&amp;teamId=1&amp;seasonId=2022', 'http://fantasy.espn.com/baseball/team?leagueId=981183695&amp;teamId=1&amp;seasonId=2022', 'https://fantasy.espn.com/basketball/team?leagueId=471035660&amp;teamId=1&amp;seasonId=2023', 'https://fantasy.espn.com/womens-basketball/team?leagueId=1&amp;teamId=5&amp;seasonId=2022', 'https://fantasy.espn.com/football/team?leagueId=1937261044&amp;teamId=12&amp;seasonId=2022', 'http://fantasy.espn.com/baseball/team?leagueId=796325418&amp;teamId=1&amp;seasonId=2022', 'https://fantasy.espn.com/football/team?leagueId=24243294&amp;teamId=6&amp;seasonId=2022', 'https://fantasy.espn.com/hockey/team?leagueId=1575137180&amp;teamId=1&amp;seasonId=2023', 'https://fantasy.espn.com/basketball/team?leagueId=205041164&amp;teamId=1&amp;seasonId=2023', 'https://fantasy.espn.com/football/team?leagueId=1937261044&amp;teamId=1&amp;seasonId=2022', 'http://fantasy.espn.com/baseball/team?leagueId=1321341064&amp;teamId=5&amp;seasonId=2022', 'http://fantasy.espn.com/baseball/team?leagueId=1866135015&amp;teamId=1&amp;seasonId=2022', 'https://fantasy.espn.com/football/team?leagueId=581892488&amp;teamId=6&amp;seasonId=2022', 'https://fantasy.espn.com/football/team?leagueId=633499693&amp;teamId=1&amp;seasonId=2022', 'http://fantasy.espn.com/baseball/team?leagueId=1046297815&amp;teamId=1&amp;seasonId=2022', 'https://fantasy.espn.com/basketball/team?leagueId=2016404858&amp;teamId=1&amp;seasonId=2023', 'https://fantasy.espn.com/hockey/team?leagueId=1628349651&amp;teamId=1&amp;seasonId=2023', 'https://fantasy.espn.com/womens-basketball/team?leagueId=1784949506&amp;teamId=1&amp;seasonId=2022'} and its count is 38 </msg>
<status status="PASS" starttime="20221020 17:51:50.061" endtime="20221020 17:51:50.062"/>
</kw>
<kw name="Get the value of the preferences key" library="lib.validators.ESPNFanValidators">
<arg>${response.json()}</arg>
<arg>scoreboardFeedURL</arg>
<msg timestamp="20221020 17:51:50.064" level="INFO">The value of response of preference unique URL is {'https://fantasy.espn.com/apis/v3/games/ffl/seasons/2022/segments/0/leagues/1937261044?view=mScoreboard&amp;filter=%7B%22schedule%22%3A%7B%22filterTeamIds%22%3A%7B%22value%22%3A%5B12%5D%7D%2C%22filterCurrentMatchupPeriod%22%3A%7B%22value%22%3Atrue%7D%7D%7D&amp;peek=true', 'https://fantasy.espn.com/apis/v3/games/flb/seasons/2022/segments/0/leagues/1046297815?view=scoreboard&amp;filter=%7B%22schedule%22%3A%7B%22filterTeamIds%22%3A%7B%22value%22%3A%5B1%5D%7D%2C%22filterCurrentMatchupPeriod%22%3A%7B%22value%22%3Atrue%7D%7D%7D&amp;peek=true', 'https://fantasy.espn.com/apis/v3/games/fba/seasons/2023/segments/0/leagues/1231517249?view=scoreboard&amp;filter=%7B%22schedule%22%3A%7B%22filterTeamIds%22%3A%7B%22value%22%3A%5B1%5D%7D%2C%22filterCurrentMatchupPeriod%22%3A%7B%22value%22%3Atrue%7D%7D%7D&amp;peek=true', 'https://fantasy.espn.com/apis/v3/games/ffl/seasons/2022/segments/0/leagues/1491460502?view=mScoreboard&amp;filter=%7B%22schedule%22%3A%7B%22filterTeamIds%22%3A%7B%22value%22%3A%5B1%5D%7D%2C%22filterCurrentMatchupPeriod%22%3A%7B%22value%22%3Atrue%7D%7D%7D&amp;peek=true', 'https://fantasy.espn.com/apis/v3/games/fba/seasons/2023/segments/0/leagues/2016404858?view=scoreboard&amp;filter=%7B%22schedule%22%3A%7B%22filterTeamIds%22%3A%7B%22value%22%3A%5B1%5D%7D%2C%22filterCurrentMatchupPeriod%22%3A%7B%22value%22%3Atrue%7D%7D%7D&amp;peek=true', 'https://fantasy.espn.com/apis/v3/games/ffl/seasons/2022/segments/0/leagues/1937261044?view=mScoreboard&amp;filter=%7B%22schedule%22%3A%7B%22filterTeamIds%22%3A%7B%22value%22%3A%5B1%5D%7D%2C%22filterCurrentMatchupPeriod%22%3A%7B%22value%22%3Atrue%7D%7D%7D&amp;peek=true', 'https://fantasy.espn.com/apis/v3/games/fhl/seasons/2023/segments/0/leagues/1716656218?view=scoreboard&amp;filter=%7B%22schedule%22%3A%7B%22filterTeamIds%22%3A%7B%22value%22%3A%5B1%5D%7D%2C%22filterCurrentMatchupPeriod%22%3A%7B%22value%22%3Atrue%7D%7D%7D&amp;peek=true', 'https://fantasy.espn.com/apis/v3/games/wfba/seasons/2022/segments/0/leagues/1034998964?view=scoreboard&amp;filter=%7B%22schedule%22%3A%7B%22filterTeamIds%22%3A%7B%22value%22%3A%5B1%5D%7D%2C%22filterCurrentMatchupPeriod%22%3A%7B%22value%22%3Atrue%7D%7D%7D&amp;peek=true', 'https://fantasy.espn.com/apis/v3/games/fhl/seasons/2023/segments/0/leagues/1628349651?view=scoreboard&amp;filter=%7B%22schedule%22%3A%7B%22filterTeamIds%22%3A%7B%22value%22%3A%5B1%5D%7D%2C%22filterCurrentMatchupPeriod%22%3A%7B%22value%22%3Atrue%7D%7D%7D&amp;peek=true', 'https://fantasy.espn.com/apis/v3/games/ffl/seasons/2022/segments/0/leagues/633499693?view=mScoreboard&amp;filter=%7B%22schedule%22%3A%7B%22filterTeamIds%22%3A%7B%22value%22%3A%5B1%5D%7D%2C%22filterCurrentMatchupPeriod%22%3A%7B%22value%22%3Atrue%7D%7D%7D&amp;peek=true', 'https://fantasy.espn.com/apis/v3/games/fhl/seasons/2023/segments/0/leagues/1641832027?view=scoreboard&amp;filter=%7B%22schedule%22%3A%7B%22filterTeamIds%22%3A%7B%22value%22%3A%5B1%5D%7D%2C%22filterCurrentMatchupPeriod%22%3A%7B%22value%22%3Atrue%7D%7D%7D&amp;peek=true', 'https://fantasy.espn.com/apis/v3/games/fba/seasons/2023/segments/0/leagues/471035660?view=scoreboard&amp;filter=%7B%22schedule%22%3A%7B%22filterTeamIds%22%3A%7B%22value%22%3A%5B1%5D%7D%2C%22filterCurrentMatchupPeriod%22%3A%7B%22value%22%3Atrue%7D%7D%7D&amp;peek=true', 'https://fantasy.espn.com/apis/v3/games/ffl/seasons/2022/segments/0/leagues/2023060295?view=mScoreboard&amp;filter=%7B%22schedule%22%3A%7B%22filterTeamIds%22%3A%7B%22value%22%3A%5B1%5D%7D%2C%22filterCurrentMatchupPeriod%22%3A%7B%22value%22%3Atrue%7D%7D%7D&amp;peek=true', 'https://fantasy.espn.com/apis/v3/games/fba/seasons/2023/segments/0/leagues/205041164?view=scoreboard&amp;filter=%7B%22schedule%22%3A%7B%22filterTeamIds%22%3A%7B%22value%22%3A%5B1%5D%7D%2C%22filterCurrentMatchupPeriod%22%3A%7B%22value%22%3Atrue%7D%7D%7D&amp;peek=true', 'https://fantasy.espn.com/apis/v3/games/ffl/seasons/2022/segments/0/leagues/581892488?view=mScoreboard&amp;filter=%7B%22schedule%22%3A%7B%22filterTeamIds%22%3A%7B%22value%22%3A%5B6%5D%7D%2C%22filterCurrentMatchupPeriod%22%3A%7B%22value%22%3Atrue%7D%7D%7D&amp;peek=true', 'https://fantasy.espn.com/apis/v3/games/fhl/seasons/2023/segments/0/leagues/581889198?view=scoreboard&amp;filter=%7B%22schedule%22%3A%7B%22filterTeamIds%22%3A%7B%22value%22%3A%5B1%5D%7D%2C%22filterCurrentMatchupPeriod%22%3A%7B%22value%22%3Atrue%7D%7D%7D&amp;peek=true', 'https://fantasy.espn.com/apis/v3/games/fba/seasons/2023/segments/0/leagues/2062281636?view=scoreboard&amp;filter=%7B%22schedule%22%3A%7B%22filterTeamIds%22%3A%7B%22value%22%3A%5B1%5D%7D%2C%22filterCurrentMatchupPeriod%22%3A%7B%22value%22%3Atrue%7D%7D%7D&amp;peek=true', 'https://fantasy.espn.com/apis/v3/games/fhl/seasons/2023/segments/0/leagues/2100913371?view=scoreboard&amp;filter=%7B%22schedule%22%3A%7B%22filterTeamIds%22%3A%7B%22value%22%3A%5B6%5D%7D%2C%22filterCurrentMatchupPeriod%22%3A%7B%22value%22%3Atrue%7D%7D%7D&amp;peek=true', 'https://fantasy.espn.com/apis/v3/games/fhl/seasons/2023/segments/0/leagues/1331137808?view=scoreboard&amp;filter=%7B%22schedule%22%3A%7B%22filterTeamIds%22%3A%7B%22value%22%3A%5B1%5D%7D%2C%22filterCurrentMatchupPeriod%22%3A%7B%22value%22%3Atrue%7D%7D%7D&amp;peek=true', 'https://fantasy.espn.com/apis/v3/games/flb/seasons/2022/segments/0/leagues/981183695?view=scoreboard&amp;filter=%7B%22schedule%22%3A%7B%22filterTeamIds%22%3A%7B%22value%22%3A%5B1%5D%7D%2C%22filterCurrentMatchupPeriod%22%3A%7B%22value%22%3Atrue%7D%7D%7D&amp;peek=true', 'https://fantasy.espn.com/apis/v3/games/flb/seasons/2022/segments/0/leagues/1866135015?view=scoreboard&amp;filter=%7B%22schedule%22%3A%7B%22filterTeamIds%22%3A%7B%22value%22%3A%5B1%5D%7D%2C%22filterCurrentMatchupPeriod%22%3A%7B%22value%22%3Atrue%7D%7D%7D&amp;peek=true', 'https://fantasy.espn.com/apis/v3/games/flb/seasons/2022/segments/0/leagues/1321341064?view=scoreboard&amp;filter=%7B%22schedule%22%3A%7B%22filterTeamIds%22%3A%7B%22value%22%3A%5B5%5D%7D%2C%22filterCurrentMatchupPeriod%22%3A%7B%22value%22%3Atrue%7D%7D%7D&amp;peek=true', 'https://fantasy.espn.com/apis/v3/games/flb/seasons/2022/segments/0/leagues/644523742?view=scoreboard&amp;filter=%7B%22schedule%22%3A%7B%22filterTeamIds%22%3A%7B%22value%22%3A%5B3%5D%7D%2C%22filterCurrentMatchupPeriod%22%3A%7B%22value%22%3Atrue%7D%7D%7D&amp;peek=true', 'https://fantasy.espn.com/apis/v3/games/wfba/seasons/2022/segments/0/leagues/1?view=scoreboard&amp;filter=%7B%22schedule%22%3A%7B%22filterTeamIds%22%3A%7B%22value%22%3A%5B5%5D%7D%2C%22filterCurrentMatchupPeriod%22%3A%7B%22value%22%3Atrue%7D%7D%7D&amp;peek=true', 'https://fantasy.espn.com/apis/v3/games/ffl/seasons/2022/segments/0/leagues/976500307?view=mScoreboard&amp;filter=%7B%22schedule%22%3A%7B%22filterTeamIds%22%3A%7B%22value%22%3A%5B1%5D%7D%2C%22filterCurrentMatchupPeriod%22%3A%7B%22value%22%3Atrue%7D%7D%7D&amp;peek=true', 'https://fantasy.espn.com/apis/v3/games/fhl/seasons/2023/segments/0/leagues/669145671?view=scoreboard&amp;filter=%7B%22schedule%22%3A%7B%22filterTeamIds%22%3A%7B%22value%22%3A%5B1%5D%7D%2C%22filterCurrentMatchupPeriod%22%3A%7B%22value%22%3Atrue%7D%7D%7D&amp;peek=true', 'https://fantasy.espn.com/apis/v3/games/wfba/seasons/2022/segments/0/leagues/1784949506?view=scoreboard&amp;filter=%7B%22schedule%22%3A%7B%22filterTeamIds%22%3A%7B%22value%22%3A%5B1%5D%7D%2C%22filterCurrentMatchupPeriod%22%3A%7B%22value%22%3Atrue%7D%7D%7D&amp;peek=true', 'https://fantasy.espn.com/apis/v3/games/fba/seasons/2023/segments/0/leagues/1875132037?view=scoreboard&amp;filter=%7B%22schedule%22%3A%7B%22filterTeamIds%22%3A%7B%22value%22%3A%5B1%5D%7D%2C%22filterCurrentMatchupPeriod%22%3A%7B%22value%22%3Atrue%7D%7D%7D&amp;peek=true', 'https://fantasy.espn.com/apis/v3/games/wfba/seasons/2022/segments/0/leagues/1244090985?view=scoreboard&amp;filter=%7B%22schedule%22%3A%7B%22filterTeamIds%22%3A%7B%22value%22%3A%5B1%5D%7D%2C%22filterCurrentMatchupPeriod%22%3A%7B%22value%22%3Atrue%7D%7D%7D&amp;peek=true', 'https://fantasy.espn.com/apis/v3/games/flb/seasons/2022/segments/0/leagues/1089702129?view=scoreboard&amp;filter=%7B%22schedule%22%3A%7B%22filterTeamIds%22%3A%7B%22value%22%3A%5B1%5D%7D%2C%22filterCurrentMatchupPeriod%22%3A%7B%22value%22%3Atrue%7D%7D%7D&amp;peek=true', 'https://fantasy.espn.com/apis/v3/games/flb/seasons/2022/segments/0/leagues/640811160?view=scoreboard&amp;filter=%7B%22schedule%22%3A%7B%22filterTeamIds%22%3A%7B%22value%22%3A%5B1%5D%7D%2C%22filterCurrentMatchupPeriod%22%3A%7B%22value%22%3Atrue%7D%7D%7D&amp;peek=true', 'https://fantasy.espn.com/apis/v3/games/ffl/seasons/2022/segments/0/leagues/24243294?view=mScoreboard&amp;filter=%7B%22schedule%22%3A%7B%22filterTeamIds%22%3A%7B%22value%22%3A%5B6%5D%7D%2C%22filterCurrentMatchupPeriod%22%3A%7B%22value%22%3Atrue%7D%7D%7D&amp;peek=true', 'https://fantasy.espn.com/apis/v3/games/ffl/seasons/2022/segments/0/leagues/92465638?view=mScoreboard&amp;filter=%7B%22schedule%22%3A%7B%22filterTeamIds%22%3A%7B%22value%22%3A%5B15%5D%7D%2C%22filterCurrentMatchupPeriod%22%3A%7B%22value%22%3Atrue%7D%7D%7D&amp;peek=true', None, 'https://fantasy.espn.com/apis/v3/games/flb/seasons/2022/segments/0/leagues/796325418?view=scoreboard&amp;filter=%7B%22schedule%22%3A%7B%22filterTeamIds%22%3A%7B%22value%22%3A%5B1%5D%7D%2C%22filterCurrentMatchupPeriod%22%3A%7B%22value%22%3Atrue%7D%7D%7D&amp;peek=true', 'https://fantasy.espn.com/apis/v3/games/fhl/seasons/2023/segments/0/leagues/1575137180?view=scoreboard&amp;filter=%7B%22schedule%22%3A%7B%22filterTeamIds%22%3A%7B%22value%22%3A%5B1%5D%7D%2C%22filterCurrentMatchupPeriod%22%3A%7B%22value%22%3Atrue%7D%7D%7D&amp;peek=true', 'https://fantasy.espn.com/apis/v3/games/flb/seasons/2022/segments/0/leagues/601425894?view=scoreboard&amp;filter=%7B%22schedule%22%3A%7B%22filterTeamIds%22%3A%7B%22value%22%3A%5B1%5D%7D%2C%22filterCurrentMatchupPeriod%22%3A%7B%22value%22%3Atrue%7D%7D%7D&amp;peek=true', 'https://fantasy.espn.com/apis/v3/games/flb/seasons/2022/segments/0/leagues/25317527?view=scoreboard&amp;filter=%7B%22schedule%22%3A%7B%22filterTeamIds%22%3A%7B%22value%22%3A%5B1%5D%7D%2C%22filterCurrentMatchupPeriod%22%3A%7B%22value%22%3Atrue%7D%7D%7D&amp;peek=true'} and its count is 38 </msg>
<status status="PASS" starttime="20221020 17:51:50.063" endtime="20221020 17:51:50.064"/>
</kw>
<kw name="Get the value of the preferences key" library="lib.validators.ESPNFanValidators">
<arg>${response.json()}</arg>
<arg>logoUrl</arg>
<msg timestamp="20221020 17:51:50.066" level="INFO">The value of response of preference unique URL is {'https://g.espncdn.com/lm-static/fba/images/default_logos/16.svg', 'https://g.espncdn.com/lm-static/logo-packs/fba/Jerseys-ESPN/fba-jerseys-28.svg', 'https://g.espncdn.com/lm-static/logo-packs/flb/Letter-and-Number-Caps-ESPN/capsA.svg', 'https://g.espncdn.com/lm-static/logo-packs/ffl/CrazyHelmets-ToddDetwiler/Helmets_05.svg', 'https://g.espncdn.com/lm-static/ffl/images/default_logos/14.svg', 'https://g.espncdn.com/lm-static/logo-packs/flb/Letter-and-Number-Caps-ESPN/caps1.svg', 'https://g.espncdn.com/lm-static/fhl/images/default_logos/12.svg', 'https://g.espncdn.com/lm-static/logo-packs/core/TeamMascots-RobbHarskamp/Team_Mascots-09.svg', 'https://g.espncdn.com/lm-static/flb/images/default_logos/1.svg', 'https://g.espncdn.com/lm-static/logo-packs/core/CatsAndDogs/cats_dogs-1.svg', 'https://g.espncdn.com/lm-static/ffl/images/default_logos/1.svg', 'https://placekitten.com/500/500', 'https://g.espncdn.com/lm-static/logo-packs/fhl/Letters-Numbers-Jerseys/fhl-jerseys-28.svg', 'https://g.espncdn.com/lm-static/flb/images/default_logos/8.svg', 'https://g.espncdn.com/lm-static/logo-packs/ffl/HelmetAlphabet-ESPN/Helmet-A.svg', 'https://g.espncdn.com/lm-static/ffl/images/default_logos/6.svg', 'https://g.espncdn.com/lm-static/flb/images/default_logos/12.svg'} and its count is 17 </msg>
<status status="PASS" starttime="20221020 17:51:50.065" endtime="20221020 17:51:50.066"/>
</kw>
<kw name="Get the value of the groups key" library="lib.validators.ESPNFanValidators">
<arg>${response.json()}</arg>
<arg>fantasyCastHref</arg>
<msg timestamp="20221020 17:51:50.067" level="INFO">1</msg>
<msg timestamp="20221020 17:51:50.067" level="INFO">The value of response of groups unique URL is {'http://fantasy.espn.com/baseball/fantasycast?leagueId=25317527&amp;teamId=1', 'https://fantasy.espn.com/football/fantasycast?leagueId=633499693&amp;teamId=1', 'https://fantasy.espn.com/womens-basketball/fantasycast?leagueId=1244090985&amp;teamId=1', 'https://fantasy.espn.com/basketball/fantasycast?leagueId=2062281636&amp;teamId=1', 'https://fantasy.espn.com/football/fantasycast?leagueId=976500307&amp;teamId=1', 'https://fantasy.espn.com/hockey/fantasycast?leagueId=1628349651&amp;teamId=1', 'https://fantasy.espn.com/football/fantasycast?leagueId=1937261044&amp;teamId=1', 'http://fantasy.espn.com/baseball/fantasycast?leagueId=644523742&amp;teamId=3', 'https://fantasy.espn.com/football/fantasycast?leagueId=581892488&amp;teamId=6', 'https://fantasy.espn.com/football/fantasycast?leagueId=1491460502&amp;teamId=1', 'http://fantasy.espn.com/baseball/fantasycast?leagueId=1089702129&amp;teamId=1', 'https://fantasy.espn.com/womens-basketball/fantasycast?leagueId=1034998964&amp;teamId=1', 'https://fantasy.espn.com/womens-basketball/fantasycast?leagueId=1784949506&amp;teamId=1', 'https://fantasy.espn.com/hockey/fantasycast?leagueId=669145671&amp;teamId=1', 'https://fantasy.espn.com/football/fantasycast?leagueId=1937261044&amp;teamId=12', 'http://fantasy.espn.com/baseball/fantasycast?leagueId=640811160&amp;teamId=1', 'http://fantasy.espn.com/baseball/fantasycast?leagueId=601425894&amp;teamId=1', 'https://fantasy.espn.com/basketball/fantasycast?leagueId=1875132037&amp;teamId=1', 'https://fantasy.espn.com/hockey/fantasycast?leagueId=581889198&amp;teamId=1', 'https://fantasy.espn.com/football/fantasycast?leagueId=2023060295&amp;teamId=1', 'http://fantasy.espn.com/baseball/fantasycast?leagueId=1046297815&amp;teamId=1', 'https://fantasy.espn.com/hockey/fantasycast?leagueId=1716656218&amp;teamId=1', 'https://fantasy.espn.com/basketball/fantasycast?leagueId=1231517249&amp;teamId=1', 'https://fantasy.espn.com/basketball/fantasycast?leagueId=471035660&amp;teamId=1', 'https://fantasy.espn.com/football/fantasycast?leagueId=92465638&amp;teamId=15', 'https://fantasy.espn.com/football/fantasycast?leagueId=24243294&amp;teamId=6', 'http://fantasy.espn.com/baseball/fantasycast?leagueId=1321341064&amp;teamId=5', 'https://fantasy.espn.com/basketball/fantasycast?leagueId=205041164&amp;teamId=1', 'https://fantasy.espn.com/basketball/fantasycast?leagueId=2016404858&amp;teamId=1', 'http://fantasy.espn.com/baseball/fantasycast?leagueId=1866135015&amp;teamId=1', 'https://fantasy.espn.com/hockey/fantasycast?leagueId=1641832027&amp;teamId=1', 'https://fantasy.espn.com/hockey/fantasycast?leagueId=1331137808&amp;teamId=1', 'https://fantasy.espn.com/hockey/fantasycast?leagueId=1575137180&amp;teamId=1', 'https://fantasy.espn.com/hockey/fantasycast?leagueId=2100913371&amp;teamId=6', 'http://fantasy.espn.com/baseball/fantasycast?leagueId=796325418&amp;teamId=1', 'http://fantasy.espn.com/baseball/fantasycast?leagueId=981183695&amp;teamId=1', 'https://fantasy.espn.com/womens-basketball/fantasycast?leagueId=1&amp;teamId=5'} and its count is 37 </msg>
<status status="PASS" starttime="20221020 17:51:50.066" endtime="20221020 17:51:50.067"/>
</kw>
<kw name="Get the value of the groups key" library="lib.validators.ESPNFanValidators">
<arg>${response.json()}</arg>
<arg>href</arg>
<msg timestamp="20221020 17:51:50.068" level="INFO">1</msg>
<msg timestamp="20221020 17:51:50.069" level="INFO">The value of response of groups unique URL is {'https://fantasy.espn.com/basketball/league?leagueId=1231517249&amp;seasonId=2023', 'http://fantasy.espn.com/baseball/league?leagueId=25317527&amp;seasonId=2022', 'https://fantasy.espn.com/hockey/league?leagueId=1641832027&amp;seasonId=2023', 'https://fantasy.espn.com/basketball/league?leagueId=2062281636&amp;seasonId=2023', 'https://fantasy.espn.com/basketball/league?leagueId=1875132037&amp;seasonId=2023', 'http://fantasy.espn.com/baseball/league?leagueId=601425894&amp;seasonId=2022', 'https://fantasy.espn.com/womens-basketball/league?leagueId=1034998964&amp;seasonId=2022', 'https://fantasy.espn.com/hockey/league?leagueId=2100913371&amp;seasonId=2023', 'https://fantasy.espn.com/womens-basketball/league?leagueId=1244090985&amp;seasonId=2022', 'https://fantasy.espn.com/football/league?leagueId=1491460502&amp;seasonId=2022', 'http://fantasy.espn.com/baseball/league?leagueId=1046297815&amp;seasonId=2022', 'http://fantasy.espn.com/baseball/league?leagueId=1321341064&amp;seasonId=2022', 'https://fantasy.espn.com/football/league?leagueId=2023060295&amp;seasonId=2022', 'http://fantasy.espn.com/baseball/league?leagueId=796325418&amp;seasonId=2022', 'https://fantasy.espn.com/womens-basketball/league?leagueId=1&amp;seasonId=2022', 'http://fantasy.espn.com/baseball/league?leagueId=640811160&amp;seasonId=2022', 'http://fantasy.espn.com/baseball/league?leagueId=1089702129&amp;seasonId=2022', 'https://fantasy.espn.com/basketball/league?leagueId=2016404858&amp;seasonId=2023', 'https://fantasy.espn.com/football/league?leagueId=633499693&amp;seasonId=2022', 'https://fantasy.espn.com/womens-basketball/league?leagueId=1784949506&amp;seasonId=2022', 'https://fantasy.espn.com/football/league?leagueId=92465638&amp;seasonId=2022', 'https://fantasy.espn.com/basketball/league?leagueId=471035660&amp;seasonId=2023', 'https://fantasy.espn.com/hockey/league?leagueId=1716656218&amp;seasonId=2023', 'https://fantasy.espn.com/hockey/league?leagueId=1628349651&amp;seasonId=2023', 'https://fantasy.espn.com/hockey/league?leagueId=1575137180&amp;seasonId=2023', 'https://fantasy.espn.com/football/league?leagueId=581892488&amp;seasonId=2022', 'https://fantasy.espn.com/hockey/league?leagueId=669145671&amp;seasonId=2023', 'https://fantasy.espn.com/hockey/league?leagueId=581889198&amp;seasonId=2023', 'https://fantasy.espn.com/football/league?leagueId=976500307&amp;seasonId=2022', 'http://fantasy.espn.com/baseball/league?leagueId=644523742&amp;seasonId=2022', 'https://fantasy.espn.com/football/league?leagueId=24243294&amp;seasonId=2022', 'https://fantasy.espn.com/football/league?leagueId=1937261044&amp;seasonId=2022', 'http://fantasy.espn.com/baseball/league?leagueId=1866135015&amp;seasonId=2022', 'http://fantasy.espn.com/baseball/league?leagueId=981183695&amp;seasonId=2022', 'https://fantasy.espn.com/basketball/league?leagueId=205041164&amp;seasonId=2023', 'https://fantasy.espn.com/hockey/league?leagueId=1331137808&amp;seasonId=2023'} and its count is 36 </msg>
<status status="PASS" starttime="20221020 17:51:50.068" endtime="20221020 17:51:50.069"/>
</kw>
<kw name="Get the status code 200 of all links" library="lib.validators.ESPNFanValidators">
<arg>${response.json()}</arg>
<arg>logoURL</arg>
<msg timestamp="20221020 17:51:51.412" level="INFO">The status code of URL  https://g.espncdn.com/s/ffllm/14/images/shell/bgHead_leaguemanager.png  is 200 </msg>
<msg timestamp="20221020 17:51:52.375" level="INFO">The status code of URL  https://g.espncdn.com/s/fhllm/14/images/shell/bgHead_leaguemanager.png  is 200 </msg>
<msg timestamp="20221020 17:51:53.581" level="INFO">The status code of URL  https://g.espncdn.com/s/minigames/i/streak/redesign/SFC10_hdr_logo.png  is 200 </msg>
<msg timestamp="20221020 17:51:54.843" level="INFO">The status code of URL  https://g.espncdn.com/s/frontpage09/images/flb09_index.png  is 200 </msg>
<msg timestamp="20221020 17:51:56.033" level="INFO">The status code of URL  https://g.espncdn.com/s/fbalm/15/images/shell/bgHead.png  is 200 </msg>
<status status="PASS" starttime="20221020 17:51:50.069" endtime="20221020 17:51:56.034"/>
</kw>
<kw name="Get the status code 200 of all links" library="lib.validators.ESPNFanValidators">
<arg>${response.json()}</arg>
<arg>entryURL</arg>
<msg timestamp="20221020 17:51:57.231" level="INFO">The status code of URL  https://fantasy.espn.com/hockey/team?leagueId=581889198&amp;teamId=1&amp;seasonId=2023  is 200 </msg>
<msg timestamp="20221020 17:51:58.800" level="INFO">The status code of URL  http://fantasy.espn.com/baseball/team?leagueId=644523742&amp;teamId=3&amp;seasonId=2022  is 200 </msg>
<msg timestamp="20221020 17:51:59.398" level="INFO">The status code of URL  https://fantasy.espn.com/football/team?leagueId=1491460502&amp;teamId=1&amp;seasonId=2022  is 200 </msg>
<msg timestamp="20221020 17:52:00.500" level="INFO">The status code of URL  https://fantasy.espn.com/hockey/team?leagueId=1716656218&amp;teamId=1&amp;seasonId=2023  is 200 </msg>
<msg timestamp="20221020 17:52:01.537" level="INFO">The status code of URL  https://fantasy.espn.com/basketball/team?leagueId=1875132037&amp;teamId=1&amp;seasonId=2023  is 200 </msg>
<msg timestamp="20221020 17:52:02.972" level="INFO">The status code of URL  https://fantasy.espn.com/football/team?leagueId=976500307&amp;teamId=1&amp;seasonId=2022  is 200 </msg>
<msg timestamp="20221020 17:52:04.034" level="INFO">The status code of URL  https://fantasy.espn.com/hockey/team?leagueId=1641832027&amp;teamId=1&amp;seasonId=2023  is 200 </msg>
<msg timestamp="20221020 17:52:05.153" level="INFO">The status code of URL  https://fantasy.espn.com/hockey/team?leagueId=1331137808&amp;teamId=1&amp;seasonId=2023  is 200 </msg>
<msg timestamp="20221020 17:52:06.388" level="INFO">The status code of URL  https://fantasy.espn.com/womens-basketball/team?leagueId=1034998964&amp;teamId=1&amp;seasonId=2022  is 200 </msg>
<msg timestamp="20221020 17:52:10.158" level="INFO">The status code of URL  http://streak.espn.com/  is 200 </msg>
<msg timestamp="20221020 17:52:11.261" level="INFO">The status code of URL  https://fantasy.espn.com/basketball/team?leagueId=2062281636&amp;teamId=1&amp;seasonId=2023  is 200 </msg>
<msg timestamp="20221020 17:52:12.790" level="INFO">The status code of URL  http://fantasy.espn.com/baseball/team?leagueId=1089702129&amp;teamId=1&amp;seasonId=2022  is 200 </msg>
<msg timestamp="20221020 17:52:13.946" level="INFO">The status code of URL  https://fantasy.espn.com/hockey/team?leagueId=2100913371&amp;teamId=6&amp;seasonId=2023  is 200 </msg>
<msg timestamp="20221020 17:52:15.081" level="INFO">The status code of URL  https://fantasy.espn.com/basketball/team?leagueId=1231517249&amp;teamId=1&amp;seasonId=2023  is 200 </msg>
<msg timestamp="20221020 17:52:16.451" level="INFO">The status code of URL  https://fantasy.espn.com/football/team?leagueId=92465638&amp;teamId=15&amp;seasonId=2022  is 200 </msg>
<msg timestamp="20221020 17:52:18.117" level="INFO">The status code of URL  http://fantasy.espn.com/baseball/team?leagueId=25317527&amp;teamId=1&amp;seasonId=2022  is 200 </msg>
<msg timestamp="20221020 17:52:19.229" level="INFO">The status code of URL  https://fantasy.espn.com/hockey/team?leagueId=669145671&amp;teamId=1&amp;seasonId=2023  is 200 </msg>
<msg timestamp="20221020 17:52:20.792" level="INFO">The status code of URL  http://fantasy.espn.com/baseball/team?leagueId=640811160&amp;teamId=1&amp;seasonId=2022  is 200 </msg>
<msg timestamp="20221020 17:52:22.149" level="INFO">The status code of URL  https://fantasy.espn.com/football/team?leagueId=2023060295&amp;teamId=1&amp;seasonId=2022  is 200 </msg>
<msg timestamp="20221020 17:52:23.275" level="INFO">The status code of URL  https://fantasy.espn.com/womens-basketball/team?leagueId=1244090985&amp;teamId=1&amp;seasonId=2022  is 200 </msg>
<msg timestamp="20221020 17:52:24.899" level="INFO">The status code of URL  http://fantasy.espn.com/baseball/team?leagueId=601425894&amp;teamId=1&amp;seasonId=2022  is 200 </msg>
<msg timestamp="20221020 17:52:25.502" level="INFO">The status code of URL  http://fantasy.espn.com/baseball/team?leagueId=981183695&amp;teamId=1&amp;seasonId=2022  is 200 </msg>
<msg timestamp="20221020 17:52:26.600" level="INFO">The status code of URL  https://fantasy.espn.com/basketball/team?leagueId=471035660&amp;teamId=1&amp;seasonId=2023  is 200 </msg>
<msg timestamp="20221020 17:52:27.702" level="INFO">The status code of URL  https://fantasy.espn.com/womens-basketball/team?leagueId=1&amp;teamId=5&amp;seasonId=2022  is 200 </msg>
<msg timestamp="20221020 17:52:29.049" level="INFO">The status code of URL  https://fantasy.espn.com/football/team?leagueId=1937261044&amp;teamId=12&amp;seasonId=2022  is 200 </msg>
<msg timestamp="20221020 17:52:30.513" level="INFO">The status code of URL  http://fantasy.espn.com/baseball/team?leagueId=796325418&amp;teamId=1&amp;seasonId=2022  is 200 </msg>
<msg timestamp="20221020 17:52:31.748" level="INFO">The status code of URL  https://fantasy.espn.com/football/team?leagueId=24243294&amp;teamId=6&amp;seasonId=2022  is 200 </msg>
<msg timestamp="20221020 17:52:32.794" level="INFO">The status code of URL  https://fantasy.espn.com/hockey/team?leagueId=1575137180&amp;teamId=1&amp;seasonId=2023  is 200 </msg>
<msg timestamp="20221020 17:52:33.849" level="INFO">The status code of URL  https://fantasy.espn.com/basketball/team?leagueId=205041164&amp;teamId=1&amp;seasonId=2023  is 200 </msg>
<msg timestamp="20221020 17:52:35.082" level="INFO">The status code of URL  https://fantasy.espn.com/football/team?leagueId=1937261044&amp;teamId=1&amp;seasonId=2022  is 200 </msg>
<msg timestamp="20221020 17:52:36.841" level="INFO">The status code of URL  http://fantasy.espn.com/baseball/team?leagueId=1321341064&amp;teamId=5&amp;seasonId=2022  is 200 </msg>
<msg timestamp="20221020 17:52:38.366" level="INFO">The status code of URL  http://fantasy.espn.com/baseball/team?leagueId=1866135015&amp;teamId=1&amp;seasonId=2022  is 200 </msg>
<msg timestamp="20221020 17:52:39.612" level="INFO">The status code of URL  https://fantasy.espn.com/football/team?leagueId=581892488&amp;teamId=6&amp;seasonId=2022  is 200 </msg>
<msg timestamp="20221020 17:52:40.973" level="INFO">The status code of URL  https://fantasy.espn.com/football/team?leagueId=633499693&amp;teamId=1&amp;seasonId=2022  is 200 </msg>
<msg timestamp="20221020 17:52:42.588" level="INFO">The status code of URL  http://fantasy.espn.com/baseball/team?leagueId=1046297815&amp;teamId=1&amp;seasonId=2022  is 200 </msg>
<msg timestamp="20221020 17:52:42.943" level="INFO">The status code of URL  https://fantasy.espn.com/basketball/team?leagueId=2016404858&amp;teamId=1&amp;seasonId=2023  is 200 </msg>
<msg timestamp="20221020 17:52:43.991" level="INFO">The status code of URL  https://fantasy.espn.com/hockey/team?leagueId=1628349651&amp;teamId=1&amp;seasonId=2023  is 200 </msg>
<msg timestamp="20221020 17:52:45.085" level="INFO">The status code of URL  https://fantasy.espn.com/womens-basketball/team?leagueId=1784949506&amp;teamId=1&amp;seasonId=2022  is 200 </msg>
<status status="PASS" starttime="20221020 17:51:56.035" endtime="20221020 17:52:45.086"/>
</kw>
<kw name="Get the status code 200 of all links" library="lib.validators.ESPNFanValidators">
<arg>${response.json()}</arg>
<arg>href</arg>
<msg timestamp="20221020 17:52:48.603" level="INFO">The status code of URL  http://streak.espn.com/  is 200 </msg>
<msg timestamp="20221020 17:52:50.602" level="INFO">The status code of URL  https://www.espn.com/fantasy/football/  is 200 </msg>
<msg timestamp="20221020 17:52:52.386" level="INFO">The status code of URL  https://www.espn.com/fantasy/womens-basketball/  is 200 </msg>
<msg timestamp="20221020 17:52:52.846" level="INFO">The status code of URL  https://www.espn.com/fantasy/baseball/  is 200 </msg>
<msg timestamp="20221020 17:52:54.600" level="INFO">The status code of URL  https://www.espn.com/fantasy/hockey/  is 200 </msg>
<msg timestamp="20221020 17:52:57.237" level="INFO">The status code of URL  https://www.espn.com/fantasy/basketball/  is 200 </msg>
<status status="PASS" starttime="20221020 17:52:45.087" endtime="20221020 17:52:57.238"/>
</kw>
<kw name="Get the status code 200 of all groups links" library="lib.validators.ESPNFanValidators">
<arg>${response.json()}</arg>
<arg>fantasyCastHref</arg>
<msg timestamp="20221020 17:52:58.775" level="INFO">The status code of URL  http://fantasy.espn.com/baseball/fantasycast?leagueId=25317527&amp;teamId=1  is 200 </msg>
<msg timestamp="20221020 17:53:00.110" level="INFO">The status code of URL  https://fantasy.espn.com/football/fantasycast?leagueId=633499693&amp;teamId=1  is 200 </msg>
<msg timestamp="20221020 17:53:01.450" level="INFO">The status code of URL  https://fantasy.espn.com/womens-basketball/fantasycast?leagueId=1244090985&amp;teamId=1  is 200 </msg>
<msg timestamp="20221020 17:53:02.562" level="INFO">The status code of URL  https://fantasy.espn.com/basketball/fantasycast?leagueId=2062281636&amp;teamId=1  is 200 </msg>
<msg timestamp="20221020 17:53:03.129" level="INFO">The status code of URL  https://fantasy.espn.com/football/fantasycast?leagueId=976500307&amp;teamId=1  is 200 </msg>
<msg timestamp="20221020 17:53:04.328" level="INFO">The status code of URL  https://fantasy.espn.com/hockey/fantasycast?leagueId=1628349651&amp;teamId=1  is 200 </msg>
<msg timestamp="20221020 17:53:05.615" level="INFO">The status code of URL  https://fantasy.espn.com/football/fantasycast?leagueId=1937261044&amp;teamId=1  is 200 </msg>
<msg timestamp="20221020 17:53:07.154" level="INFO">The status code of URL  http://fantasy.espn.com/baseball/fantasycast?leagueId=644523742&amp;teamId=3  is 200 </msg>
<msg timestamp="20221020 17:53:08.490" level="INFO">The status code of URL  https://fantasy.espn.com/football/fantasycast?leagueId=581892488&amp;teamId=6  is 200 </msg>
<msg timestamp="20221020 17:53:09.805" level="INFO">The status code of URL  https://fantasy.espn.com/football/fantasycast?leagueId=1491460502&amp;teamId=1  is 200 </msg>
<msg timestamp="20221020 17:53:11.351" level="INFO">The status code of URL  http://fantasy.espn.com/baseball/fantasycast?leagueId=1089702129&amp;teamId=1  is 200 </msg>
<msg timestamp="20221020 17:53:12.617" level="INFO">The status code of URL  https://fantasy.espn.com/womens-basketball/fantasycast?leagueId=1034998964&amp;teamId=1  is 200 </msg>
<msg timestamp="20221020 17:53:13.754" level="INFO">The status code of URL  https://fantasy.espn.com/womens-basketball/fantasycast?leagueId=1784949506&amp;teamId=1  is 200 </msg>
<msg timestamp="20221020 17:53:14.893" level="INFO">The status code of URL  https://fantasy.espn.com/hockey/fantasycast?leagueId=669145671&amp;teamId=1  is 200 </msg>
<msg timestamp="20221020 17:53:16.284" level="INFO">The status code of URL  https://fantasy.espn.com/football/fantasycast?leagueId=1937261044&amp;teamId=12  is 200 </msg>
<msg timestamp="20221020 17:53:17.818" level="INFO">The status code of URL  http://fantasy.espn.com/baseball/fantasycast?leagueId=640811160&amp;teamId=1  is 200 </msg>
<msg timestamp="20221020 17:53:19.325" level="INFO">The status code of URL  http://fantasy.espn.com/baseball/fantasycast?leagueId=601425894&amp;teamId=1  is 200 </msg>
<msg timestamp="20221020 17:53:20.428" level="INFO">The status code of URL  https://fantasy.espn.com/basketball/fantasycast?leagueId=1875132037&amp;teamId=1  is 200 </msg>
<msg timestamp="20221020 17:53:21.593" level="INFO">The status code of URL  https://fantasy.espn.com/hockey/fantasycast?leagueId=581889198&amp;teamId=1  is 200 </msg>
<msg timestamp="20221020 17:53:23.034" level="INFO">The status code of URL  https://fantasy.espn.com/football/fantasycast?leagueId=2023060295&amp;teamId=1  is 200 </msg>
<msg timestamp="20221020 17:53:24.521" level="INFO">The status code of URL  http://fantasy.espn.com/baseball/fantasycast?leagueId=1046297815&amp;teamId=1  is 200 </msg>
<msg timestamp="20221020 17:53:25.585" level="INFO">The status code of URL  https://fantasy.espn.com/hockey/fantasycast?leagueId=1716656218&amp;teamId=1  is 200 </msg>
<msg timestamp="20221020 17:53:26.694" level="INFO">The status code of URL  https://fantasy.espn.com/basketball/fantasycast?leagueId=1231517249&amp;teamId=1  is 200 </msg>
<msg timestamp="20221020 17:53:27.812" level="INFO">The status code of URL  https://fantasy.espn.com/basketball/fantasycast?leagueId=471035660&amp;teamId=1  is 200 </msg>
<msg timestamp="20221020 17:53:29.174" level="INFO">The status code of URL  https://fantasy.espn.com/football/fantasycast?leagueId=92465638&amp;teamId=15  is 200 </msg>
<msg timestamp="20221020 17:53:30.506" level="INFO">The status code of URL  https://fantasy.espn.com/football/fantasycast?leagueId=24243294&amp;teamId=6  is 200 </msg>
<msg timestamp="20221020 17:53:32.067" level="INFO">The status code of URL  http://fantasy.espn.com/baseball/fantasycast?leagueId=1321341064&amp;teamId=5  is 200 </msg>
<msg timestamp="20221020 17:53:33.309" level="INFO">The status code of URL  https://fantasy.espn.com/basketball/fantasycast?leagueId=205041164&amp;teamId=1  is 200 </msg>
<msg timestamp="20221020 17:53:34.373" level="INFO">The status code of URL  https://fantasy.espn.com/basketball/fantasycast?leagueId=2016404858&amp;teamId=1  is 200 </msg>
<msg timestamp="20221020 17:53:36.031" level="INFO">The status code of URL  http://fantasy.espn.com/baseball/fantasycast?leagueId=1866135015&amp;teamId=1  is 200 </msg>
<msg timestamp="20221020 17:53:37.106" level="INFO">The status code of URL  https://fantasy.espn.com/hockey/fantasycast?leagueId=1641832027&amp;teamId=1  is 200 </msg>
<msg timestamp="20221020 17:53:38.164" level="INFO">The status code of URL  https://fantasy.espn.com/hockey/fantasycast?leagueId=1331137808&amp;teamId=1  is 200 </msg>
<msg timestamp="20221020 17:53:39.215" level="INFO">The status code of URL  https://fantasy.espn.com/hockey/fantasycast?leagueId=1575137180&amp;teamId=1  is 200 </msg>
<msg timestamp="20221020 17:53:40.430" level="INFO">The status code of URL  https://fantasy.espn.com/hockey/fantasycast?leagueId=2100913371&amp;teamId=6  is 200 </msg>
<msg timestamp="20221020 17:53:41.912" level="INFO">The status code of URL  http://fantasy.espn.com/baseball/fantasycast?leagueId=796325418&amp;teamId=1  is 200 </msg>
<msg timestamp="20221020 17:53:43.590" level="INFO">The status code of URL  http://fantasy.espn.com/baseball/fantasycast?leagueId=981183695&amp;teamId=1  is 200 </msg>
<msg timestamp="20221020 17:53:44.736" level="INFO">The status code of URL  https://fantasy.espn.com/womens-basketball/fantasycast?leagueId=1&amp;teamId=5  is 200 </msg>
<status status="PASS" starttime="20221020 17:52:57.238" endtime="20221020 17:53:44.737"/>
</kw>
<kw name="Get the status code 200 of all groups links" library="lib.validators.ESPNFanValidators">
<arg>${response.json()}</arg>
<arg>href</arg>
<msg timestamp="20221020 17:53:45.797" level="INFO">The status code of URL  https://fantasy.espn.com/basketball/league?leagueId=1231517249&amp;seasonId=2023  is 200 </msg>
<msg timestamp="20221020 17:53:47.112" level="INFO">The status code of URL  http://fantasy.espn.com/baseball/league?leagueId=25317527&amp;seasonId=2022  is 200 </msg>
<msg timestamp="20221020 17:53:47.486" level="INFO">The status code of URL  https://fantasy.espn.com/hockey/league?leagueId=1641832027&amp;seasonId=2023  is 200 </msg>
<msg timestamp="20221020 17:53:48.560" level="INFO">The status code of URL  https://fantasy.espn.com/basketball/league?leagueId=2062281636&amp;seasonId=2023  is 200 </msg>
<msg timestamp="20221020 17:53:49.604" level="INFO">The status code of URL  https://fantasy.espn.com/basketball/league?leagueId=1875132037&amp;seasonId=2023  is 200 </msg>
<msg timestamp="20221020 17:53:51.076" level="INFO">The status code of URL  http://fantasy.espn.com/baseball/league?leagueId=601425894&amp;seasonId=2022  is 200 </msg>
<msg timestamp="20221020 17:53:52.286" level="INFO">The status code of URL  https://fantasy.espn.com/womens-basketball/league?leagueId=1034998964&amp;seasonId=2022  is 200 </msg>
<msg timestamp="20221020 17:53:53.374" level="INFO">The status code of URL  https://fantasy.espn.com/hockey/league?leagueId=2100913371&amp;seasonId=2023  is 200 </msg>
<msg timestamp="20221020 17:53:54.600" level="INFO">The status code of URL  https://fantasy.espn.com/womens-basketball/league?leagueId=1244090985&amp;seasonId=2022  is 200 </msg>
<msg timestamp="20221020 17:53:54.965" level="INFO">The status code of URL  https://fantasy.espn.com/football/league?leagueId=1491460502&amp;seasonId=2022  is 200 </msg>
<msg timestamp="20221020 17:53:56.597" level="INFO">The status code of URL  http://fantasy.espn.com/baseball/league?leagueId=1046297815&amp;seasonId=2022  is 200 </msg>
<msg timestamp="20221020 17:53:58.239" level="INFO">The status code of URL  http://fantasy.espn.com/baseball/league?leagueId=1321341064&amp;seasonId=2022  is 200 </msg>
<msg timestamp="20221020 17:53:59.304" level="INFO">The status code of URL  https://fantasy.espn.com/football/league?leagueId=2023060295&amp;seasonId=2022  is 200 </msg>
<msg timestamp="20221020 17:54:00.804" level="INFO">The status code of URL  http://fantasy.espn.com/baseball/league?leagueId=796325418&amp;seasonId=2022  is 200 </msg>
<msg timestamp="20221020 17:54:01.885" level="INFO">The status code of URL  https://fantasy.espn.com/womens-basketball/league?leagueId=1&amp;seasonId=2022  is 200 </msg>
<msg timestamp="20221020 17:54:03.159" level="INFO">The status code of URL  http://fantasy.espn.com/baseball/league?leagueId=640811160&amp;seasonId=2022  is 200 </msg>
<msg timestamp="20221020 17:54:04.789" level="INFO">The status code of URL  http://fantasy.espn.com/baseball/league?leagueId=1089702129&amp;seasonId=2022  is 200 </msg>
<msg timestamp="20221020 17:54:05.918" level="INFO">The status code of URL  https://fantasy.espn.com/basketball/league?leagueId=2016404858&amp;seasonId=2023  is 200 </msg>
<msg timestamp="20221020 17:54:06.962" level="INFO">The status code of URL  https://fantasy.espn.com/football/league?leagueId=633499693&amp;seasonId=2022  is 200 </msg>
<msg timestamp="20221020 17:54:08.069" level="INFO">The status code of URL  https://fantasy.espn.com/womens-basketball/league?leagueId=1784949506&amp;seasonId=2022  is 200 </msg>
<msg timestamp="20221020 17:54:09.149" level="INFO">The status code of URL  https://fantasy.espn.com/football/league?leagueId=92465638&amp;seasonId=2022  is 200 </msg>
<msg timestamp="20221020 17:54:10.199" level="INFO">The status code of URL  https://fantasy.espn.com/basketball/league?leagueId=471035660&amp;seasonId=2023  is 200 </msg>
<msg timestamp="20221020 17:54:11.246" level="INFO">The status code of URL  https://fantasy.espn.com/hockey/league?leagueId=1716656218&amp;seasonId=2023  is 200 </msg>
<msg timestamp="20221020 17:54:12.310" level="INFO">The status code of URL  https://fantasy.espn.com/hockey/league?leagueId=1628349651&amp;seasonId=2023  is 200 </msg>
<msg timestamp="20221020 17:54:12.675" level="INFO">The status code of URL  https://fantasy.espn.com/hockey/league?leagueId=1575137180&amp;seasonId=2023  is 200 </msg>
<msg timestamp="20221020 17:54:13.800" level="INFO">The status code of URL  https://fantasy.espn.com/football/league?leagueId=581892488&amp;seasonId=2022  is 200 </msg>
<msg timestamp="20221020 17:54:14.932" level="INFO">The status code of URL  https://fantasy.espn.com/hockey/league?leagueId=669145671&amp;seasonId=2023  is 200 </msg>
<msg timestamp="20221020 17:54:16.055" level="INFO">The status code of URL  https://fantasy.espn.com/hockey/league?leagueId=581889198&amp;seasonId=2023  is 200 </msg>
<msg timestamp="20221020 17:54:17.101" level="INFO">The status code of URL  https://fantasy.espn.com/football/league?leagueId=976500307&amp;seasonId=2022  is 200 </msg>
<msg timestamp="20221020 17:54:17.896" level="INFO">The status code of URL  http://fantasy.espn.com/baseball/league?leagueId=644523742&amp;seasonId=2022  is 200 </msg>
<msg timestamp="20221020 17:54:18.166" level="INFO">The status code of URL  https://fantasy.espn.com/football/league?leagueId=24243294&amp;seasonId=2022  is 200 </msg>
<msg timestamp="20221020 17:54:19.210" level="INFO">The status code of URL  https://fantasy.espn.com/football/league?leagueId=1937261044&amp;seasonId=2022  is 200 </msg>
<msg timestamp="20221020 17:54:20.780" level="INFO">The status code of URL  http://fantasy.espn.com/baseball/league?leagueId=1866135015&amp;seasonId=2022  is 200 </msg>
<msg timestamp="20221020 17:54:22.257" level="INFO">The status code of URL  http://fantasy.espn.com/baseball/league?leagueId=981183695&amp;seasonId=2022  is 200 </msg>
<msg timestamp="20221020 17:54:23.325" level="INFO">The status code of URL  https://fantasy.espn.com/basketball/league?leagueId=205041164&amp;seasonId=2023  is 200 </msg>
<msg timestamp="20221020 17:54:24.368" level="INFO">The status code of URL  https://fantasy.espn.com/hockey/league?leagueId=1331137808&amp;seasonId=2023  is 200 </msg>
<status status="PASS" starttime="20221020 17:53:44.739" endtime="20221020 17:54:24.368"/>
</kw>
<status status="PASS" starttime="20221020 17:51:48.852" endtime="20221020 17:54:24.369"/>
</test>
<doc>Fan API tests are executing with positive, negative combinations along with schema validation
to run: robot --pythonpath $PWD ./testsuite/-tests.robot</doc>
<meta name="Author">Saurav Kumar</meta>
<meta name="Date">12-10-2022</meta>
<status status="PASS" starttime="20221020 17:51:48.786" endtime="20221020 17:54:24.370"/>
</suite>
<statistics>
<total>
<stat pass="1" fail="0" skip="0">All Tests</stat>
</total>
<tag>
</tag>
<suite>
<stat pass="1" fail="0" skip="0" id="s1" name="Fan-Api-Tests-1">Fan-Api-Tests-1</stat>
</suite>
</statistics>
<errors>
</errors>
</robot>
